javaSdk/build/outputs/logs/manifest-merger-debug-report.txt
-- Merging decision tree log ---
manifest
ADDED from src\main\AndroidManifest.xml:2:1-46:12
	package
		ADDED from src\main\AndroidManifest.xml:2:70-98
	android:versionName
		ADDED from src\main\AndroidManifest.xml:2:99-125
		INJECTED from src\main\AndroidManifest.xml
		INJECTED from src\main\AndroidManifest.xml
	android:versionCode
		ADDED from src\main\AndroidManifest.xml:2:126-150
		INJECTED from src\main\AndroidManifest.xml
		INJECTED from src\main\AndroidManifest.xml
	xmlns:android
		ADDED from src\main\AndroidManifest.xml:2:11-69
	android:installLocation
		ADDED from src\main\AndroidManifest.xml:2:151-191
uses-feature#android.software.leanback
ADDED from src\main\AndroidManifest.xml:3:3-85
	android:required
		ADDED from src\main\AndroidManifest.xml:3:58-82
	android:name
		ADDED from src\main\AndroidManifest.xml:3:17-57
supports-screens
ADDED from src\main\AndroidManifest.xml:4:3-163
	android:largeScreens
		ADDED from src\main\AndroidManifest.xml:4:78-105
	android:smallScreens
		ADDED from src\main\AndroidManifest.xml:4:21-48
	android:normalScreens
		ADDED from src\main\AndroidManifest.xml:4:49-77
	android:xlargeScreens
		ADDED from src\main\AndroidManifest.xml:4:106-134
	android:anyDensity
		ADDED from src\main\AndroidManifest.xml:4:135-160
application
ADDED from src\main\AndroidManifest.xml:5:3-22:17
	android:label
		ADDED from src\main\AndroidManifest.xml:5:92-124
	android:icon
		ADDED from src\main\AndroidManifest.xml:5:58-91
	android:theme
		ADDED from src\main\AndroidManifest.xml:5:16-57
	android:isGame
		ADDED from src\main\AndroidManifest.xml:5:125-146
	android:name
		ADDED from src\main\AndroidManifest.xml:6:7-61
meta-data#YvImSdkAppId
ADDED from src\main\AndroidManifest.xml:7:5-9:34
	android:value
		ADDED from src\main\AndroidManifest.xml:9:9-32
	android:name
		ADDED from src\main\AndroidManifest.xml:8:9-36
activity#com.gygame.jingtan.UnityPlayerActivity
ADDED from src\main\AndroidManifest.xml:11:5-18:16
	android:screenOrientation
		ADDED from src\main\AndroidManifest.xml:11:48-91
	android:label
		ADDED from src\main\AndroidManifest.xml:11:15-47
	android:launchMode
		ADDED from src\main\AndroidManifest.xml:11:92-123
	android:configChanges
		ADDED from src\main\AndroidManifest.xml:11:124-281
	android:name
		ADDED from src\main\AndroidManifest.xml:11:282-335
intent-filter#android.intent.action.MAIN+android.intent.category.LAUNCHER+android.intent.category.LEANBACK_LAUNCHER
ADDED from src\main\AndroidManifest.xml:12:7-16:23
action#android.intent.action.MAIN
ADDED from src\main\AndroidManifest.xml:13:9-61
	android:name
		ADDED from src\main\AndroidManifest.xml:13:17-58
category#android.intent.category.LAUNCHER
ADDED from src\main\AndroidManifest.xml:14:9-69
	android:name
		ADDED from src\main\AndroidManifest.xml:14:19-66
category#android.intent.category.LEANBACK_LAUNCHER
ADDED from src\main\AndroidManifest.xml:15:9-78
	android:name
		ADDED from src\main\AndroidManifest.xml:15:19-75
meta-data#unityplayer.UnityActivity
ADDED from src\main\AndroidManifest.xml:17:7-82
	android:value
		ADDED from src\main\AndroidManifest.xml:17:59-79
	android:name
		ADDED from src\main\AndroidManifest.xml:17:18-58
activity#com.gygame.jingtan.wxapi.WXEntryActivity
ADDED from src\main\AndroidManifest.xml:19:5-20:16
	android:label
		ADDED from src\main\AndroidManifest.xml:19:53-85
	android:exported
		ADDED from src\main\AndroidManifest.xml:19:86-109
	android:name
		ADDED from src\main\AndroidManifest.xml:19:15-52
service#com.yunva.im.sdk.lib.service.VioceService
ADDED from src\main\AndroidManifest.xml:21:5-73
	android:name
		ADDED from src\main\AndroidManifest.xml:21:14-70
uses-sdk
ADDED from src\main\AndroidManifest.xml:23:3-71
	android:targetSdkVersion
		ADDED from src\main\AndroidManifest.xml:23:39-68
		INJECTED from src\main\AndroidManifest.xml
		INJECTED from src\main\AndroidManifest.xml
	android:minSdkVersion
		ADDED from src\main\AndroidManifest.xml:23:13-38
uses-feature#0x00020000
ADDED from src\main\AndroidManifest.xml:24:3-52
	android:glEsVersion
		ADDED from src\main\AndroidManifest.xml:24:17-49
uses-permission#android.permission.INTERNET
ADDED from src\main\AndroidManifest.xml:25:3-65
	android:name
		ADDED from src\main\AndroidManifest.xml:25:20-62
uses-permission#android.permission.ACCESS_NETWORK_STATE
ADDED from src\main\AndroidManifest.xml:26:3-77
	android:name
		ADDED from src\main\AndroidManifest.xml:26:20-74
uses-permission#android.permission.ACCESS_FINE_LOCATION
ADDED from src\main\AndroidManifest.xml:27:3-77
	android:name
		ADDED from src\main\AndroidManifest.xml:27:20-74
uses-feature#android.hardware.location.gps
ADDED from src\main\AndroidManifest.xml:28:3-89
	android:required
		ADDED from src\main\AndroidManifest.xml:28:62-86
	android:name
		ADDED from src\main\AndroidManifest.xml:28:17-61
uses-feature#android.hardware.location
ADDED from src\main\AndroidManifest.xml:29:3-85
	android:required
		ADDED from src\main\AndroidManifest.xml:29:58-82
	android:name
		ADDED from src\main\AndroidManifest.xml:29:17-57
uses-permission#android.permission.WRITE_EXTERNAL_STORAGE
ADDED from src\main\AndroidManifest.xml:30:3-79
	android:name
		ADDED from src\main\AndroidManifest.xml:30:20-76
uses-feature#android.hardware.sensor.accelerometer
ADDED from src\main\AndroidManifest.xml:31:3-97
	android:required
		ADDED from src\main\AndroidManifest.xml:31:70-94
	android:name
		ADDED from src\main\AndroidManifest.xml:31:17-69
uses-feature#android.hardware.touchscreen
ADDED from src\main\AndroidManifest.xml:32:3-88
	android:required
		ADDED from src\main\AndroidManifest.xml:32:61-85
	android:name
		ADDED from src\main\AndroidManifest.xml:32:17-60
uses-feature#android.hardware.touchscreen.multitouch
ADDED from src\main\AndroidManifest.xml:33:3-99
	android:required
		ADDED from src\main\AndroidManifest.xml:33:72-96
	android:name
		ADDED from src\main\AndroidManifest.xml:33:17-71
uses-feature#android.hardware.touchscreen.multitouch.distinct
ADDED from src\main\AndroidManifest.xml:34:3-108
	android:required
		ADDED from src\main\AndroidManifest.xml:34:81-105
	android:name
		ADDED from src\main\AndroidManifest.xml:34:17-80
uses-permission#android.permission.ACCESS_WIFI_STATE
ADDED from src\main\AndroidManifest.xml:39:3-73
	android:name
		ADDED from src\main\AndroidManifest.xml:39:20-71
uses-permission#android.permission.READ_PHONE_STATE
ADDED from src\main\AndroidManifest.xml:40:3-72
	android:name
		ADDED from src\main\AndroidManifest.xml:40:20-70
uses-permission#android.permission.RECORD_AUDIO
ADDED from src\main\AndroidManifest.xml:42:3-69
	android:name
		ADDED from src\main\AndroidManifest.xml:42:20-66